app/vision-quickstart/app/build/intermediates/manifest_merge_blame_file/debug/manifest-merger-blame-debug-report.txt
1<?xml version="1.0" encoding="utf-8"?>
2<manifest xmlns:android="http://schemas.android.com/apk/res/android"
3    package="com.google.mlkit.vision.demo"
4    android:installLocation="auto"
5    android:versionCode="11"
6    android:versionName="1.11" >
7    <!--
8 CameraX libraries require minSdkVersion 21, while this quickstart app
9    supports low to 19. Needs to use overrideLibrary to make the merger tool
10    ignore this conflict and import the libraries while keeping the app's lower
11    minSdkVersion value. In code, will check SDK version, before calling CameraX
12    APIs.
13    -->
14    <uses-sdk
14-->src\main\AndroidManifest.xml:13:5-157
15        android:minSdkVersion="19"
15-->src\main\AndroidManifest.xml:13:5-157
16        android:targetSdkVersion="31" />
16-->src\main\AndroidManifest.xml:13:5-157
17
18    <uses-feature android:name="android.hardware.camera" />
18-->src\main\AndroidManifest.xml:15:5-60
18-->src\main\AndroidManifest.xml:15:19-57
19
20    <uses-permission android:name="android.permission.INTERNET" />
20-->src\main\AndroidManifest.xml:17:5-67
20-->src\main\AndroidManifest.xml:17:22-64
21    <uses-permission android:name="android.permission.WRITE_EXTERNAL_STORAGE" />
21-->src\main\AndroidManifest.xml:18:5-81
21-->src\main\AndroidManifest.xml:18:22-78
22    <uses-permission android:name="android.permission.READ_EXTERNAL_STORAGE" />
22-->src\main\AndroidManifest.xml:19:5-80
22-->src\main\AndroidManifest.xml:19:22-77
23    <uses-permission android:name="android.permission.CAMERA" />
23-->src\main\AndroidManifest.xml:20:5-65
23-->src\main\AndroidManifest.xml:20:22-62
24
25    <queries>
25-->src\main\AndroidManifest.xml:22:5-26:15
26        <intent>
26-->src\main\AndroidManifest.xml:23:9-25:18
27            <action android:name="android.media.action.IMAGE_CAPTURE" />
27-->src\main\AndroidManifest.xml:24:13-73
27-->src\main\AndroidManifest.xml:24:21-70
28        </intent>
29    </queries>
30
31    <!-- For remote config -->
32    <uses-permission android:name="android.permission.ACCESS_NETWORK_STATE" />
32-->[com.google.mlkit:pose-detection-common:18.0.0-beta2] AndroidManifest.xml:7:5-79
32-->[com.google.mlkit:pose-detection-common:18.0.0-beta2] AndroidManifest.xml:7:22-76
33    <uses-permission android:name="android.permission.WAKE_LOCK" />
33-->[androidx.work:work-runtime:2.7.0] AndroidManifest.xml:25:5-68
33-->[androidx.work:work-runtime:2.7.0] AndroidManifest.xml:25:22-65
34    <uses-permission android:name="android.permission.RECEIVE_BOOT_COMPLETED" />
34-->[androidx.work:work-runtime:2.7.0] AndroidManifest.xml:27:5-81
34-->[androidx.work:work-runtime:2.7.0] AndroidManifest.xml:27:22-78
35    <uses-permission android:name="android.permission.FOREGROUND_SERVICE" />
35-->[androidx.work:work-runtime:2.7.0] AndroidManifest.xml:28:5-77
35-->[androidx.work:work-runtime:2.7.0] AndroidManifest.xml:28:22-74
36
37    <application
37-->src\main\AndroidManifest.xml:28:5-102:19
38        android:name="androidx.multidex.MultiDexApplication"
38-->src\main\AndroidManifest.xml:29:9-61
39        android:appComponentFactory="androidx.core.app.CoreComponentFactory"
39-->[androidx.core:core:1.6.0] AndroidManifest.xml:24:18-86
40        android:debuggable="true"
41        android:icon="@drawable/logo_mlkit"
41-->src\main\AndroidManifest.xml:30:9-44
42        android:label="@string/app_name"
42-->src\main\AndroidManifest.xml:31:9-41
43        android:testOnly="true"
44        android:theme="@style/Theme.AppCompat" >
44-->src\main\AndroidManifest.xml:32:9-47
45        <activity
45-->src\main\AndroidManifest.xml:33:9-35:40
46            android:name="com.google.mlkit.vision.demo.RegisterActivity"
46-->src\main\AndroidManifest.xml:34:13-45
47            android:exported="false" />
47-->src\main\AndroidManifest.xml:35:13-37
48        <activity
48-->src\main\AndroidManifest.xml:36:9-38:40
49            android:name="com.google.mlkit.vision.demo.LoginActivity"
49-->src\main\AndroidManifest.xml:37:13-42
50            android:exported="false" />
50-->src\main\AndroidManifest.xml:38:13-37
51
52        <meta-data
52-->src\main\AndroidManifest.xml:40:9-42:69
53            android:name="com.google.android.gms.version"
53-->src\main\AndroidManifest.xml:41:13-58
54            android:value="@integer/google_play_services_version" />
54-->src\main\AndroidManifest.xml:42:13-66
55        <!--
56 Optional: Add it to automatically download ML model to device after
57          your app is installed.
58        -->
59        <meta-data
59-->src\main\AndroidManifest.xml:47:9-49:63
60            android:name="com.google.mlkit.vision.DEPENDENCIES"
60-->src\main\AndroidManifest.xml:48:13-64
61            android:value="barcode,face,ocr,ica,custom_ica" />
61-->src\main\AndroidManifest.xml:49:13-60
62
63        <activity
63-->src\main\AndroidManifest.xml:51:9-60:20
64            android:name="com.google.mlkit.vision.demo.EntryChoiceActivity"
64-->src\main\AndroidManifest.xml:52:13-48
65            android:exported="true"
65-->src\main\AndroidManifest.xml:53:13-36
66            android:theme="@style/AppTheme" >
66-->src\main\AndroidManifest.xml:54:13-44
67            <intent-filter>
67-->src\main\AndroidManifest.xml:55:13-59:29
68                <action android:name="android.intent.action.MAIN" />
68-->src\main\AndroidManifest.xml:56:17-69
68-->src\main\AndroidManifest.xml:56:25-66
69
70                <category android:name="android.intent.category.LAUNCHER" />
70-->src\main\AndroidManifest.xml:58:17-77
70-->src\main\AndroidManifest.xml:58:27-74
71            </intent-filter>
72        </activity>
73        <activity
73-->src\main\AndroidManifest.xml:61:9-63:40
74            android:name="com.google.mlkit.vision.demo.java.ChooserActivity"
74-->src\main\AndroidManifest.xml:62:13-49
75            android:exported="false" />
75-->src\main\AndroidManifest.xml:63:13-37
76        <activity
76-->src\main\AndroidManifest.xml:64:9-67:47
77            android:name="com.google.mlkit.vision.demo.java.LivePreviewActivity"
77-->src\main\AndroidManifest.xml:65:13-53
78            android:exported="false"
78-->src\main\AndroidManifest.xml:66:13-37
79            android:theme="@style/AppTheme" />
79-->src\main\AndroidManifest.xml:67:13-44
80        <activity
80-->src\main\AndroidManifest.xml:68:9-71:47
81            android:name="com.google.mlkit.vision.demo.java.CameraXLivePreviewActivity"
81-->src\main\AndroidManifest.xml:69:13-60
82            android:exported="false"
82-->src\main\AndroidManifest.xml:70:13-37
83            android:theme="@style/AppTheme" />
83-->src\main\AndroidManifest.xml:71:13-44
84        <activity
84-->src\main\AndroidManifest.xml:72:9-75:47
85            android:name="com.google.mlkit.vision.demo.java.CameraXSourceDemoActivity"
85-->src\main\AndroidManifest.xml:73:13-59
86            android:exported="false"
86-->src\main\AndroidManifest.xml:74:13-37
87            android:theme="@style/AppTheme" />
87-->src\main\AndroidManifest.xml:75:13-44
88        <activity
88-->src\main\AndroidManifest.xml:76:9-79:47
89            android:name="com.google.mlkit.vision.demo.java.StillImageActivity"
89-->src\main\AndroidManifest.xml:77:13-52
90            android:exported="false"
90-->src\main\AndroidManifest.xml:78:13-37
91            android:theme="@style/AppTheme" />
91-->src\main\AndroidManifest.xml:79:13-44
92        <activity
92-->src\main\AndroidManifest.xml:80:9-82:40
93            android:name="com.google.mlkit.vision.demo.kotlin.ChooserActivity"
93-->src\main\AndroidManifest.xml:81:13-51
94            android:exported="false" />
94-->src\main\AndroidManifest.xml:82:13-37
95        <activity
95-->src\main\AndroidManifest.xml:83:9-86:47
96            android:name="com.google.mlkit.vision.demo.kotlin.LivePreviewActivity"
96-->src\main\AndroidManifest.xml:84:13-55
97            android:exported="false"
97-->src\main\AndroidManifest.xml:85:13-37
98            android:theme="@style/AppTheme" />
98-->src\main\AndroidManifest.xml:86:13-44
99        <activity
99-->src\main\AndroidManifest.xml:87:9-90:47
100            android:name="com.google.mlkit.vision.demo.kotlin.CameraXLivePreviewActivity"
100-->src\main\AndroidManifest.xml:88:13-62
101            android:exported="false"
101-->src\main\AndroidManifest.xml:89:13-37
102            android:theme="@style/AppTheme" />
102-->src\main\AndroidManifest.xml:90:13-44
103        <activity
103-->src\main\AndroidManifest.xml:91:9-94:47
104            android:name="com.google.mlkit.vision.demo.kotlin.CameraXSourceDemoActivity"
104-->src\main\AndroidManifest.xml:92:13-61
105            android:exported="false"
105-->src\main\AndroidManifest.xml:93:13-37
106            android:theme="@style/AppTheme" />
106-->src\main\AndroidManifest.xml:94:13-44
107        <activity
107-->src\main\AndroidManifest.xml:95:9-98:47
108            android:name="com.google.mlkit.vision.demo.kotlin.StillImageActivity"
108-->src\main\AndroidManifest.xml:96:13-54
109            android:exported="false"
109-->src\main\AndroidManifest.xml:97:13-37
110            android:theme="@style/AppTheme" />
110-->src\main\AndroidManifest.xml:98:13-44
111        <activity
111-->src\main\AndroidManifest.xml:99:9-101:40
112            android:name="com.google.mlkit.vision.demo.preference.SettingsActivity"
112-->src\main\AndroidManifest.xml:100:13-56
113            android:exported="false" />
113-->src\main\AndroidManifest.xml:101:13-37
114        <!--
115             Required for ML Kit Pose Detection GPU acceleration. Applications that target Android
116             S+ require explicit declaration of any referenced vendor-provided libraries.
117        -->
118        <uses-native-library
118-->[com.google.mlkit:pose-detection-common:18.0.0-beta2] AndroidManifest.xml:16:9-18:40
119            android:name="libOpenCL.so"
119-->[com.google.mlkit:pose-detection-common:18.0.0-beta2] AndroidManifest.xml:17:13-40
120            android:required="false" />
120-->[com.google.mlkit:pose-detection-common:18.0.0-beta2] AndroidManifest.xml:18:13-37
121        <uses-native-library
121-->[com.google.mlkit:pose-detection-common:18.0.0-beta2] AndroidManifest.xml:16:9-18:40
122            android:name="libOpenCL-car.so"
122-->[com.google.mlkit:pose-detection-common:18.0.0-beta2] AndroidManifest.xml:17:13-40
123            android:required="false" />
123-->[com.google.mlkit:pose-detection-common:18.0.0-beta2] AndroidManifest.xml:18:13-37
124        <uses-native-library
124-->[com.google.mlkit:pose-detection-common:18.0.0-beta2] AndroidManifest.xml:16:9-18:40
125            android:name="libOpenCL-pixel.so"
125-->[com.google.mlkit:pose-detection-common:18.0.0-beta2] AndroidManifest.xml:17:13-40
126            android:required="false" />
126-->[com.google.mlkit:pose-detection-common:18.0.0-beta2] AndroidManifest.xml:18:13-37
127
128        <service
128-->[com.google.mlkit:pose-detection-common:18.0.0-beta2] AndroidManifest.xml:26:9-32:19
129            android:name="com.google.mlkit.common.internal.MlKitComponentDiscoveryService"
129-->[com.google.mlkit:pose-detection-common:18.0.0-beta2] AndroidManifest.xml:27:13-91
130            android:directBootAware="true"
130-->[com.google.mlkit:common:18.2.0] AndroidManifest.xml:17:13-43
131            android:exported="false" >
131-->[com.google.mlkit:pose-detection-common:18.0.0-beta2] AndroidManifest.xml:28:13-37
132            <meta-data
132-->[com.google.mlkit:pose-detection-common:18.0.0-beta2] AndroidManifest.xml:29:13-31:85
133                android:name="com.google.firebase.components:com.google.mlkit.vision.pose.internal.PoseRegistrar"
133-->[com.google.mlkit:pose-detection-common:18.0.0-beta2] AndroidManifest.xml:30:17-114
134                android:value="com.google.firebase.components.ComponentRegistrar" />
134-->[com.google.mlkit:pose-detection-common:18.0.0-beta2] AndroidManifest.xml:31:17-82
135            <meta-data
135-->[com.google.mlkit:object-detection:17.0.0] AndroidManifest.xml:14:13-16:85
136                android:name="com.google.firebase.components:com.google.mlkit.vision.objects.defaults.internal.DefaultObjectsRegistrar"
136-->[com.google.mlkit:object-detection:17.0.0] AndroidManifest.xml:15:17-136
137                android:value="com.google.firebase.components.ComponentRegistrar" />
137-->[com.google.mlkit:object-detection:17.0.0] AndroidManifest.xml:16:17-82
138            <meta-data
138-->[com.google.mlkit:object-detection-custom:17.0.0] AndroidManifest.xml:11:13-13:85
139                android:name="com.google.firebase.components:com.google.mlkit.vision.objects.custom.internal.CustomObjectsRegistrar"
139-->[com.google.mlkit:object-detection-custom:17.0.0] AndroidManifest.xml:12:17-133
140                android:value="com.google.firebase.components.ComponentRegistrar" />
140-->[com.google.mlkit:object-detection-custom:17.0.0] AndroidManifest.xml:13:17-82
141            <meta-data
141-->[com.google.mlkit:image-labeling:17.0.7] AndroidManifest.xml:11:13-13:85
142                android:name="com.google.firebase.components:com.google.mlkit.vision.label.defaults.internal.BundledLabelRegistrar"
142-->[com.google.mlkit:image-labeling:17.0.7] AndroidManifest.xml:12:17-132
143                android:value="com.google.firebase.components.ComponentRegistrar" />
143-->[com.google.mlkit:image-labeling:17.0.7] AndroidManifest.xml:13:17-82
144            <meta-data
144-->[com.google.mlkit:image-labeling-custom:17.0.1] AndroidManifest.xml:11:13-13:85
145                android:name="com.google.firebase.components:com.google.mlkit.vision.label.custom.internal.CustomLabelRegistrar"
145-->[com.google.mlkit:image-labeling-custom:17.0.1] AndroidManifest.xml:12:17-129
146                android:value="com.google.firebase.components.ComponentRegistrar" />
146-->[com.google.mlkit:image-labeling-custom:17.0.1] AndroidManifest.xml:13:17-82
147            <meta-data
147-->[com.google.mlkit:segmentation-selfie:16.0.0-beta4] AndroidManifest.xml:12:13-14:85
148                android:name="com.google.firebase.components:com.google.mlkit.vision.segmentation.internal.SegmentationRegistrar"
148-->[com.google.mlkit:segmentation-selfie:16.0.0-beta4] AndroidManifest.xml:13:17-130
149                android:value="com.google.firebase.components.ComponentRegistrar" />
149-->[com.google.mlkit:segmentation-selfie:16.0.0-beta4] AndroidManifest.xml:14:17-82
150            <meta-data
150-->[com.google.android.gms:play-services-mlkit-barcode-scanning:18.0.0] AndroidManifest.xml:12:13-14:85
151                android:name="com.google.firebase.components:com.google.mlkit.vision.barcode.internal.BarcodeRegistrar"
151-->[com.google.android.gms:play-services-mlkit-barcode-scanning:18.0.0] AndroidManifest.xml:13:17-120
152                android:value="com.google.firebase.components.ComponentRegistrar" />
152-->[com.google.android.gms:play-services-mlkit-barcode-scanning:18.0.0] AndroidManifest.xml:14:17-82
153            <meta-data
153-->[com.google.mlkit:vision-internal-vkp:18.2.2] AndroidManifest.xml:14:13-16:85
154                android:name="com.google.firebase.components:com.google.mlkit.vision.vkp.VkpRegistrar"
154-->[com.google.mlkit:vision-internal-vkp:18.2.2] AndroidManifest.xml:15:17-103
155                android:value="com.google.firebase.components.ComponentRegistrar" />
155-->[com.google.mlkit:vision-internal-vkp:18.2.2] AndroidManifest.xml:16:17-82
156            <meta-data
156-->[com.google.android.gms:play-services-mlkit-face-detection:17.0.1] AndroidManifest.xml:12:13-14:85
157                android:name="com.google.firebase.components:com.google.mlkit.vision.face.internal.FaceRegistrar"
157-->[com.google.android.gms:play-services-mlkit-face-detection:17.0.1] AndroidManifest.xml:13:17-114
158                android:value="com.google.firebase.components.ComponentRegistrar" />
158-->[com.google.android.gms:play-services-mlkit-face-detection:17.0.1] AndroidManifest.xml:14:17-82
159            <meta-data
159-->[com.google.android.gms:play-services-mlkit-text-recognition-common:17.0.0] AndroidManifest.xml:12:13-14:85
160                android:name="com.google.firebase.components:com.google.mlkit.vision.text.internal.TextRegistrar"
160-->[com.google.android.gms:play-services-mlkit-text-recognition-common:17.0.0] AndroidManifest.xml:13:17-114
161                android:value="com.google.firebase.components.ComponentRegistrar" />
161-->[com.google.android.gms:play-services-mlkit-text-recognition-common:17.0.0] AndroidManifest.xml:14:17-82
162            <meta-data
162-->[com.google.mlkit:vision-common:17.1.0] AndroidManifest.xml:12:13-14:85
163                android:name="com.google.firebase.components:com.google.mlkit.vision.common.internal.VisionCommonRegistrar"
163-->[com.google.mlkit:vision-common:17.1.0] AndroidManifest.xml:13:17-124
164                android:value="com.google.firebase.components.ComponentRegistrar" />
164-->[com.google.mlkit:vision-common:17.1.0] AndroidManifest.xml:14:17-82
165            <meta-data
165-->[com.google.mlkit:common:18.2.0] AndroidManifest.xml:20:13-22:85
166                android:name="com.google.firebase.components:com.google.mlkit.common.internal.CommonComponentRegistrar"
166-->[com.google.mlkit:common:18.2.0] AndroidManifest.xml:21:17-120
167                android:value="com.google.firebase.components.ComponentRegistrar" />
167-->[com.google.mlkit:common:18.2.0] AndroidManifest.xml:22:17-82
168        </service>
169        <service
169-->[com.google.mlkit:acceleration:16.0.0-beta1] AndroidManifest.xml:8:9-11:68
170            android:name="com.google.mlkit.acceleration.internal.MlKitRemoteWorkerService"
170-->[com.google.mlkit:acceleration:16.0.0-beta1] AndroidManifest.xml:9:13-91
171            android:exported="false"
171-->[com.google.mlkit:acceleration:16.0.0-beta1] AndroidManifest.xml:10:13-37
172            android:process=":mlkit_acceleration_mini_benchmark" />
172-->[com.google.mlkit:acceleration:16.0.0-beta1] AndroidManifest.xml:11:13-65
173        <service
173-->[androidx.work:work-multiprocess:2.7.0] AndroidManifest.xml:25:9-27:40
174            android:name="androidx.work.multiprocess.RemoteWorkManagerService"
174-->[androidx.work:work-multiprocess:2.7.0] AndroidManifest.xml:26:13-79
175            android:exported="false" />
175-->[androidx.work:work-multiprocess:2.7.0] AndroidManifest.xml:27:13-37
176
177        <activity
177-->[com.google.firebase:firebase-auth:21.0.6] AndroidManifest.xml:27:9-44:20
178            android:name="com.google.firebase.auth.internal.GenericIdpActivity"
178-->[com.google.firebase:firebase-auth:21.0.6] AndroidManifest.xml:28:13-80
179            android:excludeFromRecents="true"
179-->[com.google.firebase:firebase-auth:21.0.6] AndroidManifest.xml:29:13-46
180            android:exported="true"
180-->[com.google.firebase:firebase-auth:21.0.6] AndroidManifest.xml:30:13-36
181            android:launchMode="singleTask"
181-->[com.google.firebase:firebase-auth:21.0.6] AndroidManifest.xml:31:13-44
182            android:theme="@android:style/Theme.Translucent.NoTitleBar" >
182-->[com.google.firebase:firebase-auth:21.0.6] AndroidManifest.xml:32:13-72
183            <intent-filter>
183-->[com.google.firebase:firebase-auth:21.0.6] AndroidManifest.xml:33:13-43:29
184                <action android:name="android.intent.action.VIEW" />
184-->[com.google.firebase:firebase-auth:21.0.6] AndroidManifest.xml:34:17-69
184-->[com.google.firebase:firebase-auth:21.0.6] AndroidManifest.xml:34:25-66
185
186                <category android:name="android.intent.category.DEFAULT" />
186-->[com.google.firebase:firebase-auth:21.0.6] AndroidManifest.xml:36:17-76
186-->[com.google.firebase:firebase-auth:21.0.6] AndroidManifest.xml:36:27-73
187                <category android:name="android.intent.category.BROWSABLE" />
187-->[com.google.firebase:firebase-auth:21.0.6] AndroidManifest.xml:37:17-78
187-->[com.google.firebase:firebase-auth:21.0.6] AndroidManifest.xml:37:27-75
188
189                <data
189-->[com.google.firebase:firebase-auth:21.0.6] AndroidManifest.xml:39:17-42:51
190                    android:host="firebase.auth"
190-->[com.google.firebase:firebase-auth:21.0.6] AndroidManifest.xml:40:21-49
191                    android:path="/"
191-->[com.google.firebase:firebase-auth:21.0.6] AndroidManifest.xml:41:21-37
192                    android:scheme="genericidp" />
192-->[com.google.firebase:firebase-auth:21.0.6] AndroidManifest.xml:42:21-48
193            </intent-filter>
194        </activity>
195        <activity
195-->[com.google.firebase:firebase-auth:21.0.6] AndroidManifest.xml:45:9-62:20
196            android:name="com.google.firebase.auth.internal.RecaptchaActivity"
196-->[com.google.firebase:firebase-auth:21.0.6] AndroidManifest.xml:46:13-79
197            android:excludeFromRecents="true"
197-->[com.google.firebase:firebase-auth:21.0.6] AndroidManifest.xml:47:13-46
198            android:exported="true"
198-->[com.google.firebase:firebase-auth:21.0.6] AndroidManifest.xml:48:13-36
199            android:launchMode="singleTask"
199-->[com.google.firebase:firebase-auth:21.0.6] AndroidManifest.xml:49:13-44
200            android:theme="@android:style/Theme.Translucent.NoTitleBar" >
200-->[com.google.firebase:firebase-auth:21.0.6] AndroidManifest.xml:50:13-72
201            <intent-filter>
201-->[com.google.firebase:firebase-auth:21.0.6] AndroidManifest.xml:51:13-61:29
202                <action android:name="android.intent.action.VIEW" />
202-->[com.google.firebase:firebase-auth:21.0.6] AndroidManifest.xml:34:17-69
202-->[com.google.firebase:firebase-auth:21.0.6] AndroidManifest.xml:34:25-66
203
204                <category android:name="android.intent.category.DEFAULT" />
204-->[com.google.firebase:firebase-auth:21.0.6] AndroidManifest.xml:36:17-76
204-->[com.google.firebase:firebase-auth:21.0.6] AndroidManifest.xml:36:27-73
205                <category android:name="android.intent.category.BROWSABLE" />
205-->[com.google.firebase:firebase-auth:21.0.6] AndroidManifest.xml:37:17-78
205-->[com.google.firebase:firebase-auth:21.0.6] AndroidManifest.xml:37:27-75
206
207                <data
207-->[com.google.firebase:firebase-auth:21.0.6] AndroidManifest.xml:39:17-42:51
208                    android:host="firebase.auth"
208-->[com.google.firebase:firebase-auth:21.0.6] AndroidManifest.xml:40:21-49
209                    android:path="/"
209-->[com.google.firebase:firebase-auth:21.0.6] AndroidManifest.xml:41:21-37
210                    android:scheme="recaptcha" />
210-->[com.google.firebase:firebase-auth:21.0.6] AndroidManifest.xml:42:21-48
211            </intent-filter>
212        </activity>
213
214        <service
214-->[com.google.firebase:firebase-auth:21.0.6] AndroidManifest.xml:64:9-70:19
215            android:name="com.google.firebase.components.ComponentDiscoveryService"
215-->[com.google.firebase:firebase-auth:21.0.6] AndroidManifest.xml:65:13-84
216            android:directBootAware="true"
216-->[com.google.firebase:firebase-common:20.1.0] AndroidManifest.xml:35:13-43
217            android:exported="false" >
217-->[com.google.firebase:firebase-auth:21.0.6] AndroidManifest.xml:66:13-37
218            <meta-data
218-->[com.google.firebase:firebase-auth:21.0.6] AndroidManifest.xml:67:13-69:85
219                android:name="com.google.firebase.components:com.google.firebase.auth.FirebaseAuthRegistrar"
219-->[com.google.firebase:firebase-auth:21.0.6] AndroidManifest.xml:68:17-109
220                android:value="com.google.firebase.components.ComponentRegistrar" />
220-->[com.google.firebase:firebase-auth:21.0.6] AndroidManifest.xml:69:17-82
221        </service>
222
223        <provider
223-->[com.google.mlkit:common:18.2.0] AndroidManifest.xml:9:9-13:38
224            android:name="com.google.mlkit.common.internal.MlKitInitProvider"
224-->[com.google.mlkit:common:18.2.0] AndroidManifest.xml:10:13-78
225            android:authorities="com.google.mlkit.vision.demo.mlkitinitprovider"
225-->[com.google.mlkit:common:18.2.0] AndroidManifest.xml:11:13-69
226            android:exported="false"
226-->[com.google.mlkit:common:18.2.0] AndroidManifest.xml:12:13-37
227            android:initOrder="99" />
227-->[com.google.mlkit:common:18.2.0] AndroidManifest.xml:13:13-35
228
229        <activity
229-->[com.google.android.gms:play-services-base:18.0.1] AndroidManifest.xml:20:9-22:45
230            android:name="com.google.android.gms.common.api.GoogleApiActivity"
230-->[com.google.android.gms:play-services-base:18.0.1] AndroidManifest.xml:20:19-85
231            android:exported="false"
231-->[com.google.android.gms:play-services-base:18.0.1] AndroidManifest.xml:22:19-43
232            android:theme="@android:style/Theme.Translucent.NoTitleBar" />
232-->[com.google.android.gms:play-services-base:18.0.1] AndroidManifest.xml:21:19-78
233
234        <provider
234-->[com.google.firebase:firebase-common:20.1.0] AndroidManifest.xml:26:9-31:39
235            android:name="com.google.firebase.provider.FirebaseInitProvider"
235-->[com.google.firebase:firebase-common:20.1.0] AndroidManifest.xml:27:13-77
236            android:authorities="com.google.mlkit.vision.demo.firebaseinitprovider"
236-->[com.google.firebase:firebase-common:20.1.0] AndroidManifest.xml:28:13-72
237            android:directBootAware="true"
237-->[com.google.firebase:firebase-common:20.1.0] AndroidManifest.xml:29:13-43
238            android:exported="false"
238-->[com.google.firebase:firebase-common:20.1.0] AndroidManifest.xml:30:13-37
239            android:initOrder="100" />
239-->[com.google.firebase:firebase-common:20.1.0] AndroidManifest.xml:31:13-36
240        <provider
240-->[androidx.work:work-runtime:2.7.0] AndroidManifest.xml:31:9-39:20
241            android:name="androidx.startup.InitializationProvider"
241-->[androidx.work:work-runtime:2.7.0] AndroidManifest.xml:32:13-67
242            android:authorities="com.google.mlkit.vision.demo.androidx-startup"
242-->[androidx.work:work-runtime:2.7.0] AndroidManifest.xml:33:13-68
243            android:exported="false" >
243-->[androidx.work:work-runtime:2.7.0] AndroidManifest.xml:34:13-37
244            <meta-data
244-->[androidx.work:work-runtime:2.7.0] AndroidManifest.xml:36:13-38:52
245                android:name="androidx.work.WorkManagerInitializer"
245-->[androidx.work:work-runtime:2.7.0] AndroidManifest.xml:37:17-68
246                android:value="androidx.startup" />
246-->[androidx.work:work-runtime:2.7.0] AndroidManifest.xml:38:17-49
247        </provider>
248
249        <service
249-->[androidx.work:work-runtime:2.7.0] AndroidManifest.xml:41:9-46:35
250            android:name="androidx.work.impl.background.systemalarm.SystemAlarmService"
250-->[androidx.work:work-runtime:2.7.0] AndroidManifest.xml:42:13-88
251            android:directBootAware="false"
251-->[androidx.work:work-runtime:2.7.0] AndroidManifest.xml:43:13-44
252            android:enabled="@bool/enable_system_alarm_service_default"
252-->[androidx.work:work-runtime:2.7.0] AndroidManifest.xml:44:13-72
253            android:exported="false" />
253-->[androidx.work:work-runtime:2.7.0] AndroidManifest.xml:45:13-37
254        <service
254-->[androidx.work:work-runtime:2.7.0] AndroidManifest.xml:47:9-53:35
255            android:name="androidx.work.impl.background.systemjob.SystemJobService"
255-->[androidx.work:work-runtime:2.7.0] AndroidManifest.xml:48:13-84
256            android:directBootAware="false"
256-->[androidx.work:work-runtime:2.7.0] AndroidManifest.xml:49:13-44
257            android:enabled="@bool/enable_system_job_service_default"
257-->[androidx.work:work-runtime:2.7.0] AndroidManifest.xml:50:13-70
258            android:exported="true"
258-->[androidx.work:work-runtime:2.7.0] AndroidManifest.xml:51:13-36
259            android:permission="android.permission.BIND_JOB_SERVICE" />
259-->[androidx.work:work-runtime:2.7.0] AndroidManifest.xml:52:13-69
260        <service
260-->[androidx.work:work-runtime:2.7.0] AndroidManifest.xml:54:9-59:35
261            android:name="androidx.work.impl.foreground.SystemForegroundService"
261-->[androidx.work:work-runtime:2.7.0] AndroidManifest.xml:55:13-81
262            android:directBootAware="false"
262-->[androidx.work:work-runtime:2.7.0] AndroidManifest.xml:56:13-44
263            android:enabled="@bool/enable_system_foreground_service_default"
263-->[androidx.work:work-runtime:2.7.0] AndroidManifest.xml:57:13-77
264            android:exported="false" />
264-->[androidx.work:work-runtime:2.7.0] AndroidManifest.xml:58:13-37
265
266        <receiver
266-->[androidx.work:work-runtime:2.7.0] AndroidManifest.xml:61:9-66:35
267            android:name="androidx.work.impl.utils.ForceStopRunnable$BroadcastReceiver"
267-->[androidx.work:work-runtime:2.7.0] AndroidManifest.xml:62:13-88
268            android:directBootAware="false"
268-->[androidx.work:work-runtime:2.7.0] AndroidManifest.xml:63:13-44
269            android:enabled="true"
269-->[androidx.work:work-runtime:2.7.0] AndroidManifest.xml:64:13-35
270            android:exported="false" />
270-->[androidx.work:work-runtime:2.7.0] AndroidManifest.xml:65:13-37
271        <receiver
271-->[androidx.work:work-runtime:2.7.0] AndroidManifest.xml:67:9-77:20
272            android:name="androidx.work.impl.background.systemalarm.ConstraintProxy$BatteryChargingProxy"
272-->[androidx.work:work-runtime:2.7.0] AndroidManifest.xml:68:13-106
273            android:directBootAware="false"
273-->[androidx.work:work-runtime:2.7.0] AndroidManifest.xml:69:13-44
274            android:enabled="false"
274-->[androidx.work:work-runtime:2.7.0] AndroidManifest.xml:70:13-36
275            android:exported="false" >
275-->[androidx.work:work-runtime:2.7.0] AndroidManifest.xml:71:13-37
276            <intent-filter>
276-->[androidx.work:work-runtime:2.7.0] AndroidManifest.xml:73:13-76:29
277                <action android:name="android.intent.action.ACTION_POWER_CONNECTED" />
277-->[androidx.work:work-runtime:2.7.0] AndroidManifest.xml:74:17-87